<?xml version="1.0" encoding="utf-8"?><testsuites name="pytest tests"><testsuite name="pytest" errors="0" failures="0" skipped="0" tests="38" time="5.542" timestamp="2026-07-08T08:45:40.888141+00:00" hostname="agent-env-67adafe8-1b4f-4bbc-ae3b-47ac5866571c"><testcase classname="backend.tests.test_social_amo_together.TestSocialConfig" name="test_config_public_no_auth" time="0.224" /><testcase classname="backend.tests.test_social_amo_together.TestAttendancePreview" name="test_preview_public_no_auth" time="0.113" /><testcase classname="backend.tests.test_social_amo_together.TestAttendancePreview" name="test_preview_solo_open_first" time="0.110" /><testcase classname="backend.tests.test_social_amo_together.TestAuth" name="test_attendees_requires_auth" time="0.094" /><testcase classname="backend.tests.test_social_amo_together.TestAuth" name="test_me_social_requires_auth" time="0.130" /><testcase classname="backend.tests.test_social_amo_together.TestAuth" name="test_invalid_token_rejected" time="0.101" /><testcase classname="backend.tests.test_social_amo_together.TestMe" name="test_me_social_marta" time="0.100" /><testcase classname="backend.tests.test_social_amo_together.TestMe" name="test_my_attendance_marta_on_pe001" time="0.102" /><testcase classname="backend.tests.test_social_amo_together.TestAttendeesFromMarta" name="test_counts" time="0.105" /><testcase classname="backend.tests.test_social_amo_together.TestAttendeesFromMarta" name="test_self_excluded_from_solo" time="0.000" /><testcase classname="backend.tests.test_social_amo_together.TestAttendeesFromMarta" name="test_self_excluded_from_others" time="0.000" /><testcase classname="backend.tests.test_social_amo_together.TestAttendeesFromMarta" name="test_me_object" time="0.000" /><testcase classname="backend.tests.test_social_amo_together.TestAttendeesFromMarta" name="test_solo_open_sorted_by_score_desc" time="0.000" /><testcase classname="backend.tests.test_social_amo_together.TestAttendeesFromMarta" name="test_lea_first_score_8" time="0.000" /><testcase classname="backend.tests.test_social_amo_together.TestAttendeesFromMarta" name="test_carlos_second_score_7" time="0.000" /><testcase classname="backend.tests.test_social_amo_together.TestAttendeesFromMarta" name="test_sarah_third_score_5" time="0.000" /><testcase classname="backend.tests.test_social_amo_together.TestAttendeesFromMarta" name="test_solo_cards_have_full_profile" time="0.000" /><testcase classname="backend.tests.test_social_amo_together.TestAttendeesFromMarta" name="test_others_grid_is_minimal" time="0.000" /><testcase classname="backend.tests.test_social_amo_together.TestAttendFlow" name="test_attend_event_not_found" time="0.335" /><testcase classname="backend.tests.test_social_amo_together.TestAttendFlow" name="test_unattend_then_attend_private" time="0.637" /><testcase classname="backend.tests.test_social_amo_together.TestAttendFlow" name="test_invalid_visibility_rejected" time="0.304" /><testcase classname="backend.tests.test_social_amo_together.TestVisibilityGating" name="test_public_rejected_without_social_enabled" time="0.395" /><testcase classname="backend.tests.test_social_amo_together.TestVisibilityGating" name="test_solo_open_rejected_without_social_enabled" time="0.098" /><testcase classname="backend.tests.test_social_amo_together.TestVisibilityGating" name="test_private_allowed_without_social_enabled" time="0.302" /><testcase classname="backend.tests.test_social_amo_together.TestPatchSocial" name="test_update_bio_and_get_reflects" time="0.194" /><testcase classname="backend.tests.test_social_amo_together.TestPatchSocial" name="test_unsupported_city_rejected" time="0.102" /><testcase classname="backend.tests.test_social_amo_together.TestPatchSocial" name="test_empty_patch_rejected" time="0.098" /><testcase classname="backend.tests.test_social_amo_together.TestPatchSocial" name="test_vibes_capped_to_5" time="0.163" /><testcase classname="backend.tests.test_social_amo_together.TestPublicProfile" name="test_get_public_profile_of_lea" time="0.101" /><testcase classname="backend.tests.test_social_amo_together.TestPublicProfile" name="test_get_unknown_user_404" time="0.098" /><testcase classname="backend.tests.test_social_amo_together.TestPublicProfile" name="test_get_public_profile_requires_auth" time="0.104" /><testcase classname="backend.tests.test_social_amo_together.TestBlocking" name="test_block_removes_target_from_marta_view" time="0.220" /><testcase classname="backend.tests.test_social_amo_together.TestBlocking" name="test_block_is_bidirectional" time="0.226" /><testcase classname="backend.tests.test_social_amo_together.TestBlocking" name="test_cannot_block_self" time="0.104" /><testcase classname="backend.tests.test_social_amo_together.TestBlocking" name="test_blocked_profile_returns_403" time="0.216" /><testcase classname="backend.tests.test_social_amo_together.TestReportAutoSuspend" name="test_cannot_report_self" time="0.101" /><testcase classname="backend.tests.test_social_amo_together.TestReportAutoSuspend" name="test_invalid_reason_rejected" time="0.117" /><testcase classname="backend.tests.test_social_amo_together.TestReportAutoSuspend" name="test_three_reports_auto_suspend" time="0.477" /></testsuite></testsuites>