<?xml version="1.0" encoding="utf-8"?><testsuites name="pytest tests"><testsuite name="pytest" errors="0" failures="0" skipped="0" tests="14" time="2.064" timestamp="2026-04-12T12:47:24.384063+00:00" hostname="agent-env-2b471458-a0e8-428c-8bb6-d4707519d26e"><testcase classname="tests.test_api_endpoints.TestPublicEndpoints" name="test_events_list" time="0.223" /><testcase classname="tests.test_api_endpoints.TestPublicEndpoints" name="test_events_featured" time="0.113" /><testcase classname="tests.test_api_endpoints.TestPublicEndpoints" name="test_events_filter_by_date" time="0.112" /><testcase classname="tests.test_api_endpoints.TestPublicEndpoints" name="test_event_detail" time="0.150" /><testcase classname="tests.test_api_endpoints.TestPublicEndpoints" name="test_event_not_found" time="0.106" /><testcase classname="tests.test_api_endpoints.TestPublicEndpoints" name="test_venues_list" time="0.103" /><testcase classname="tests.test_api_endpoints.TestPublicEndpoints" name="test_venue_detail" time="0.143" /><testcase classname="tests.test_api_endpoints.TestPublicEndpoints" name="test_partners_list" time="0.244" /><testcase classname="tests.test_api_endpoints.TestPublicEndpoints" name="test_partner_detail" time="0.107" /><testcase classname="tests.test_api_endpoints.TestPublicEndpoints" name="test_itineraries_list" time="0.120" /><testcase classname="tests.test_api_endpoints.TestPublicEndpoints" name="test_transport_list" time="0.131" /><testcase classname="tests.test_api_endpoints.TestPublicEndpoints" name="test_event_types" time="0.094" /><testcase classname="tests.test_api_endpoints.TestAuthEndpoints" name="test_auth_me_without_token" time="0.102" /><testcase classname="tests.test_api_endpoints.TestAuthEndpoints" name="test_session_exchange_invalid" time="0.259" /></testsuite></testsuites>