<?xml version="1.0" encoding="utf-8"?><testsuites name="pytest tests"><testsuite name="pytest" errors="0" failures="0" skipped="0" tests="20" time="1.927" timestamp="2026-05-25T22:45:07.462371+00:00" hostname="agent-env-67adafe8-1b4f-4bbc-ae3b-47ac5866571c"><testcase classname="backend.tests.test_admin_operator_onboarding.TestAdminLogin" name="test_login_wrong_password" time="0.235" /><testcase classname="backend.tests.test_admin_operator_onboarding.TestAdminLogin" name="test_login_correct_password" time="0.050" /><testcase classname="backend.tests.test_admin_operator_onboarding.TestListPartners" name="test_list_partners_anonymous_401" time="0.050" /><testcase classname="backend.tests.test_admin_operator_onboarding.TestListPartners" name="test_list_partners_with_admin" time="0.086" /><testcase classname="backend.tests.test_admin_operator_onboarding.TestCreatePartner" name="test_create_partner_skeleton" time="0.051" /><testcase classname="backend.tests.test_admin_operator_onboarding.TestCreatePartner" name="test_duplicate_owner_email_returns_409" time="0.051" /><testcase classname="backend.tests.test_admin_operator_onboarding.TestActivationFetch" name="test_get_activation_bad_token" time="0.049" /><testcase classname="backend.tests.test_admin_operator_onboarding.TestActivationFetch" name="test_get_activation_valid_token" time="0.055" /><testcase classname="backend.tests.test_admin_operator_onboarding.TestActivate" name="test_activate_short_password" time="0.049" /><testcase classname="backend.tests.test_admin_operator_onboarding.TestActivate" name="test_activate_missing_accept_terms" time="0.048" /><testcase classname="backend.tests.test_admin_operator_onboarding.TestActivate" name="test_activate_success" time="0.275" /><testcase classname="backend.tests.test_admin_operator_onboarding.TestActivate" name="test_activate_token_single_use" time="0.046" /><testcase classname="backend.tests.test_admin_operator_onboarding.TestBusinessSession" name="test_business_me_with_new_token" time="0.048" /><testcase classname="backend.tests.test_admin_operator_onboarding.TestBusinessSession" name="test_onboarding_status" time="0.050" /><testcase classname="backend.tests.test_admin_operator_onboarding.TestBusinessLogin" name="test_login_with_new_credentials" time="0.273" /><testcase classname="backend.tests.test_admin_operator_onboarding.TestApprovalWorkflow" name="test_patch_approval_unauthenticated" time="0.050" /><testcase classname="backend.tests.test_admin_operator_onboarding.TestApprovalWorkflow" name="test_approve" time="0.175" /><testcase classname="backend.tests.test_admin_operator_onboarding.TestApprovalWorkflow" name="test_suspend" time="0.049" /><testcase classname="backend.tests.test_admin_operator_onboarding.TestApprovalWorkflow" name="test_reactivate" time="0.059" /><testcase classname="backend.tests.test_admin_operator_onboarding.TestReinvite" name="test_regenerate_invite" time="0.067" /></testsuite></testsuites>